<?xml version="1.0" encoding="UTF-8"?>
<!-- Generated by org.testng.reporters.JUnitXMLReporter -->
<testsuite ignored="1" hostname="Imran" failures="2" tests="5" name="Car_Loan" time="0.04" errors="0" timestamp="2022-12-13T18:31:46 IST">
  <testcase classname="testNG.Day2" name="test1" time="0.0">
    <failure type="org.testng.TestNGException" message="
Parameter &amp;apos;URL&amp;apos; is required by @Test on method test1 but has not been marked @Optional or defined
in C:\Users\Imran\Gitstuff\testNG_tutorials\testngmain.xml">
      <![CDATA[org.testng.TestNGException: 
Parameter 'URL' is required by @Test on method test1 but has not been marked @Optional or defined
in C:\Users\Imran\Gitstuff\testNG_tutorials\testngmain.xml
at java.base/java.util.ArrayList.forEach(ArrayList.java:1511)
... Removed 26 stack frames]]>
    </failure>
  </testcase> <!-- test1 -->
  <testcase classname="testNG.Day2" name="test2" time="0.001"/>
  <testcase classname="testNG.Day1" name="test2" time="0.0">
    <failure type="org.testng.TestNGException" message="
Parameter &amp;apos;URL&amp;apos; is required by @Test on method test2 but has not been marked @Optional or defined
in C:\Users\Imran\Gitstuff\testNG_tutorials\testngmain.xml">
      <![CDATA[org.testng.TestNGException: 
Parameter 'URL' is required by @Test on method test2 but has not been marked @Optional or defined
in C:\Users\Imran\Gitstuff\testNG_tutorials\testngmain.xml
at java.base/java.util.ArrayList.forEach(ArrayList.java:1511)
... Removed 26 stack frames]]>
    </failure>
  </testcase> <!-- test2 -->
  <testcase classname="testNG.Day1" name="test3" time="0.003"/>
  <testcase classname="testNG.Day1" name="test1" time="0.0">
    <skipped/>
  </testcase> <!-- test1 -->
  <testcase classname="testNG.Day1" name="test4" time="0.0">
    <ignored/>
  </testcase> <!-- test4 -->
</testsuite> <!-- Car_Loan -->
