<?xml version="1.0" encoding="UTF-8"?>
<!-- Generated by org.testng.reporters.JUnitXMLReporter -->
<testsuite ignored="0" hostname="Imran" failures="1" tests="8" name="Personal_loan" time="0.171" errors="0" timestamp="2022-12-13T18:31:46 IST">
  <testcase classname="testNG.day3" name="carloanWebapp" time="0.0">
    <failure type="org.testng.TestNGException" message="
Parameter &amp;apos;URL&amp;apos; is required by @Test on method carloanWebapp but has not been marked @Optional or defined
in C:\Users\Imran\Gitstuff\testNG_tutorials\testngmain.xml">
      <![CDATA[org.testng.TestNGException: 
Parameter 'URL' is required by @Test on method carloanWebapp but has not been marked @Optional or defined
in C:\Users\Imran\Gitstuff\testNG_tutorials\testngmain.xml
at java.base/java.util.ArrayList.forEach(ArrayList.java:1511)
... Removed 26 stack frames]]>
    </failure>
  </testcase> <!-- carloanWebapp -->
  <testcase classname="testNG.day3" name="carloanmobileapp" time="0.003"/>
  <testcase classname="testNG.day3" name="carloanmobileappm1" time="0.013"/>
  <testcase classname="testNG.day3" name="carloanmobileappm2" time="0.005"/>
  <testcase classname="testNG.day3" name="carloanrestapi" time="0.005"/>
  <testcase classname="testNG.day4" name="homeloanWebapp" time="0.005"/>
  <testcase classname="testNG.day4" name="homeloanmobileapp" time="0.002"/>
  <testcase classname="testNG.day4" name="homeloanrestapi" time="0.006"/>
</testsuite> <!-- Personal_loan -->
